/scratch/negishi/mart1789/QPDS_12_noise3/QPDS_12_noise3.py:67: UserWarning: FigureCanvasAgg is non-interactive, and thus cannot be shown
  plt.show()
/scratch/negishi/mart1789/QPDS_12_noise3/QPDS_12_noise3.py:377: UserWarning: FigureCanvasAgg is non-interactive, and thus cannot be shown
  plt.show()
Traceback (most recent call last):
  File "/scratch/negishi/mart1789/QPDS_12_noise3/QPDS_12_noise3.py", line 743, in <module>
    df1.to_csv('./tables/'+str(power)+"_"+ str(base)+'_power_base_QPDS_.csv')
  File "/apps/spack/negishi/apps/anaconda/2024.02-py311-gcc-8.5.0-lr57z2f/lib/python3.11/site-packages/pandas/core/generic.py", line 3902, in to_csv
    return DataFrameRenderer(formatter).to_csv(
           ^^^^^^^^^^^^^^^^^^^^^^^^^^^^^^^^^^^^
  File "/apps/spack/negishi/apps/anaconda/2024.02-py311-gcc-8.5.0-lr57z2f/lib/python3.11/site-packages/pandas/io/formats/format.py", line 1152, in to_csv
    csv_formatter.save()
  File "/apps/spack/negishi/apps/anaconda/2024.02-py311-gcc-8.5.0-lr57z2f/lib/python3.11/site-packages/pandas/io/formats/csvs.py", line 247, in save
    with get_handle(
         ^^^^^^^^^^^
  File "/apps/spack/negishi/apps/anaconda/2024.02-py311-gcc-8.5.0-lr57z2f/lib/python3.11/site-packages/pandas/io/common.py", line 739, in get_handle
    check_parent_directory(str(handle))
  File "/apps/spack/negishi/apps/anaconda/2024.02-py311-gcc-8.5.0-lr57z2f/lib/python3.11/site-packages/pandas/io/common.py", line 604, in check_parent_directory
    raise OSError(rf"Cannot save file into a non-existent directory: '{parent}'")
OSError: Cannot save file into a non-existent directory: 'tables'
srun: error: a064: task 0: Exited with exit code 1
/scratch/negishi/mart1789/QPDS_12_noise3/QPDS_12_noise3.py:67: UserWarning: FigureCanvasAgg is non-interactive, and thus cannot be shown
  plt.show()
/scratch/negishi/mart1789/QPDS_12_noise3/QPDS_12_noise3.py:377: UserWarning: FigureCanvasAgg is non-interactive, and thus cannot be shown
  plt.show()
Traceback (most recent call last):
  File "/scratch/negishi/mart1789/QPDS_12_noise3/QPDS_12_noise3.py", line 743, in <module>
    df1.to_csv('./tables/'+str(power)+"_"+ str(base)+'_power_base_QPDS_.csv')
  File "/apps/spack/negishi/apps/anaconda/2024.02-py311-gcc-8.5.0-lr57z2f/lib/python3.11/site-packages/pandas/core/generic.py", line 3902, in to_csv
    return DataFrameRenderer(formatter).to_csv(
           ^^^^^^^^^^^^^^^^^^^^^^^^^^^^^^^^^^^^
  File "/apps/spack/negishi/apps/anaconda/2024.02-py311-gcc-8.5.0-lr57z2f/lib/python3.11/site-packages/pandas/io/formats/format.py", line 1152, in to_csv
    csv_formatter.save()
  File "/apps/spack/negishi/apps/anaconda/2024.02-py311-gcc-8.5.0-lr57z2f/lib/python3.11/site-packages/pandas/io/formats/csvs.py", line 247, in save
    with get_handle(
         ^^^^^^^^^^^
  File "/apps/spack/negishi/apps/anaconda/2024.02-py311-gcc-8.5.0-lr57z2f/lib/python3.11/site-packages/pandas/io/common.py", line 739, in get_handle
    check_parent_directory(str(handle))
  File "/apps/spack/negishi/apps/anaconda/2024.02-py311-gcc-8.5.0-lr57z2f/lib/python3.11/site-packages/pandas/io/common.py", line 604, in check_parent_directory
    raise OSError(rf"Cannot save file into a non-existent directory: '{parent}'")
OSError: Cannot save file into a non-existent directory: 'tables'
srun: error: a103: task 0: Exited with exit code 1
/scratch/negishi/mart1789/QPDS_12_noise3/QPDS_12_noise3.py:67: UserWarning: FigureCanvasAgg is non-interactive, and thus cannot be shown
  plt.show()
/scratch/negishi/mart1789/QPDS_12_noise3/QPDS_12_noise3.py:377: UserWarning: FigureCanvasAgg is non-interactive, and thus cannot be shown
  plt.show()
Traceback (most recent call last):
  File "/scratch/negishi/mart1789/QPDS_12_noise3/QPDS_12_noise3.py", line 743, in <module>
    df1.to_csv('./tables/'+str(power)+"_"+ str(base)+'_power_base_QPDS_.csv')
  File "/apps/spack/negishi/apps/anaconda/2024.02-py311-gcc-8.5.0-lr57z2f/lib/python3.11/site-packages/pandas/core/generic.py", line 3902, in to_csv
    return DataFrameRenderer(formatter).to_csv(
           ^^^^^^^^^^^^^^^^^^^^^^^^^^^^^^^^^^^^
  File "/apps/spack/negishi/apps/anaconda/2024.02-py311-gcc-8.5.0-lr57z2f/lib/python3.11/site-packages/pandas/io/formats/format.py", line 1152, in to_csv
    csv_formatter.save()
  File "/apps/spack/negishi/apps/anaconda/2024.02-py311-gcc-8.5.0-lr57z2f/lib/python3.11/site-packages/pandas/io/formats/csvs.py", line 247, in save
    with get_handle(
         ^^^^^^^^^^^
  File "/apps/spack/negishi/apps/anaconda/2024.02-py311-gcc-8.5.0-lr57z2f/lib/python3.11/site-packages/pandas/io/common.py", line 739, in get_handle
    check_parent_directory(str(handle))
  File "/apps/spack/negishi/apps/anaconda/2024.02-py311-gcc-8.5.0-lr57z2f/lib/python3.11/site-packages/pandas/io/common.py", line 604, in check_parent_directory
    raise OSError(rf"Cannot save file into a non-existent directory: '{parent}'")
OSError: Cannot save file into a non-existent directory: 'tables'
srun: error: a103: task 0: Exited with exit code 1
/scratch/negishi/mart1789/QPDS_12_noise3/QPDS_12_noise3.py:67: UserWarning: FigureCanvasAgg is non-interactive, and thus cannot be shown
  plt.show()
/scratch/negishi/mart1789/QPDS_12_noise3/QPDS_12_noise3.py:377: UserWarning: FigureCanvasAgg is non-interactive, and thus cannot be shown
  plt.show()
Traceback (most recent call last):
  File "/scratch/negishi/mart1789/QPDS_12_noise3/QPDS_12_noise3.py", line 743, in <module>
    df1.to_csv('./tables/'+str(power)+"_"+ str(base)+'_power_base_QPDS_.csv')
  File "/apps/spack/negishi/apps/anaconda/2024.02-py311-gcc-8.5.0-lr57z2f/lib/python3.11/site-packages/pandas/core/generic.py", line 3902, in to_csv
    return DataFrameRenderer(formatter).to_csv(
           ^^^^^^^^^^^^^^^^^^^^^^^^^^^^^^^^^^^^
  File "/apps/spack/negishi/apps/anaconda/2024.02-py311-gcc-8.5.0-lr57z2f/lib/python3.11/site-packages/pandas/io/formats/format.py", line 1152, in to_csv
    csv_formatter.save()
  File "/apps/spack/negishi/apps/anaconda/2024.02-py311-gcc-8.5.0-lr57z2f/lib/python3.11/site-packages/pandas/io/formats/csvs.py", line 247, in save
    with get_handle(
         ^^^^^^^^^^^
  File "/apps/spack/negishi/apps/anaconda/2024.02-py311-gcc-8.5.0-lr57z2f/lib/python3.11/site-packages/pandas/io/common.py", line 739, in get_handle
    check_parent_directory(str(handle))
  File "/apps/spack/negishi/apps/anaconda/2024.02-py311-gcc-8.5.0-lr57z2f/lib/python3.11/site-packages/pandas/io/common.py", line 604, in check_parent_directory
    raise OSError(rf"Cannot save file into a non-existent directory: '{parent}'")
OSError: Cannot save file into a non-existent directory: 'tables'
srun: error: a061: task 0: Exited with exit code 1
/scratch/negishi/mart1789/QPDS_12_noise3/QPDS_12_noise3.py:67: UserWarning: FigureCanvasAgg is non-interactive, and thus cannot be shown
  plt.show()
/scratch/negishi/mart1789/QPDS_12_noise3/QPDS_12_noise3.py:377: UserWarning: FigureCanvasAgg is non-interactive, and thus cannot be shown
  plt.show()
Traceback (most recent call last):
  File "/scratch/negishi/mart1789/QPDS_12_noise3/QPDS_12_noise3.py", line 743, in <module>
    df1.to_csv('./tables/'+str(power)+"_"+ str(base)+'_power_base_QPDS_.csv')
  File "/apps/spack/negishi/apps/anaconda/2024.02-py311-gcc-8.5.0-lr57z2f/lib/python3.11/site-packages/pandas/core/generic.py", line 3902, in to_csv
    return DataFrameRenderer(formatter).to_csv(
           ^^^^^^^^^^^^^^^^^^^^^^^^^^^^^^^^^^^^
  File "/apps/spack/negishi/apps/anaconda/2024.02-py311-gcc-8.5.0-lr57z2f/lib/python3.11/site-packages/pandas/io/formats/format.py", line 1152, in to_csv
    csv_formatter.save()
  File "/apps/spack/negishi/apps/anaconda/2024.02-py311-gcc-8.5.0-lr57z2f/lib/python3.11/site-packages/pandas/io/formats/csvs.py", line 247, in save
    with get_handle(
         ^^^^^^^^^^^
  File "/apps/spack/negishi/apps/anaconda/2024.02-py311-gcc-8.5.0-lr57z2f/lib/python3.11/site-packages/pandas/io/common.py", line 739, in get_handle
    check_parent_directory(str(handle))
  File "/apps/spack/negishi/apps/anaconda/2024.02-py311-gcc-8.5.0-lr57z2f/lib/python3.11/site-packages/pandas/io/common.py", line 604, in check_parent_directory
    raise OSError(rf"Cannot save file into a non-existent directory: '{parent}'")
OSError: Cannot save file into a non-existent directory: 'tables'
srun: error: a060: task 0: Exited with exit code 1
/scratch/negishi/mart1789/QPDS_12_noise3/QPDS_12_noise3.py:67: UserWarning: FigureCanvasAgg is non-interactive, and thus cannot be shown
  plt.show()
/scratch/negishi/mart1789/QPDS_12_noise3/QPDS_12_noise3.py:377: UserWarning: FigureCanvasAgg is non-interactive, and thus cannot be shown
  plt.show()
Traceback (most recent call last):
  File "/scratch/negishi/mart1789/QPDS_12_noise3/QPDS_12_noise3.py", line 743, in <module>
    df1.to_csv('./tables/'+str(power)+"_"+ str(base)+'_power_base_QPDS_.csv')
  File "/apps/spack/negishi/apps/anaconda/2024.02-py311-gcc-8.5.0-lr57z2f/lib/python3.11/site-packages/pandas/core/generic.py", line 3902, in to_csv
    return DataFrameRenderer(formatter).to_csv(
           ^^^^^^^^^^^^^^^^^^^^^^^^^^^^^^^^^^^^
  File "/apps/spack/negishi/apps/anaconda/2024.02-py311-gcc-8.5.0-lr57z2f/lib/python3.11/site-packages/pandas/io/formats/format.py", line 1152, in to_csv
    csv_formatter.save()
  File "/apps/spack/negishi/apps/anaconda/2024.02-py311-gcc-8.5.0-lr57z2f/lib/python3.11/site-packages/pandas/io/formats/csvs.py", line 247, in save
    with get_handle(
         ^^^^^^^^^^^
  File "/apps/spack/negishi/apps/anaconda/2024.02-py311-gcc-8.5.0-lr57z2f/lib/python3.11/site-packages/pandas/io/common.py", line 739, in get_handle
    check_parent_directory(str(handle))
  File "/apps/spack/negishi/apps/anaconda/2024.02-py311-gcc-8.5.0-lr57z2f/lib/python3.11/site-packages/pandas/io/common.py", line 604, in check_parent_directory
    raise OSError(rf"Cannot save file into a non-existent directory: '{parent}'")
OSError: Cannot save file into a non-existent directory: 'tables'
srun: error: a064: task 0: Exited with exit code 1
/scratch/negishi/mart1789/QPDS_12_noise3/QPDS_12_noise3.py:67: UserWarning: FigureCanvasAgg is non-interactive, and thus cannot be shown
  plt.show()
/scratch/negishi/mart1789/QPDS_12_noise3/QPDS_12_noise3.py:377: UserWarning: FigureCanvasAgg is non-interactive, and thus cannot be shown
  plt.show()
Traceback (most recent call last):
  File "/scratch/negishi/mart1789/QPDS_12_noise3/QPDS_12_noise3.py", line 743, in <module>
    df1.to_csv('./tables/'+str(power)+"_"+ str(base)+'_power_base_QPDS_.csv')
  File "/apps/spack/negishi/apps/anaconda/2024.02-py311-gcc-8.5.0-lr57z2f/lib/python3.11/site-packages/pandas/core/generic.py", line 3902, in to_csv
    return DataFrameRenderer(formatter).to_csv(
           ^^^^^^^^^^^^^^^^^^^^^^^^^^^^^^^^^^^^
  File "/apps/spack/negishi/apps/anaconda/2024.02-py311-gcc-8.5.0-lr57z2f/lib/python3.11/site-packages/pandas/io/formats/format.py", line 1152, in to_csv
    csv_formatter.save()
  File "/apps/spack/negishi/apps/anaconda/2024.02-py311-gcc-8.5.0-lr57z2f/lib/python3.11/site-packages/pandas/io/formats/csvs.py", line 247, in save
    with get_handle(
         ^^^^^^^^^^^
  File "/apps/spack/negishi/apps/anaconda/2024.02-py311-gcc-8.5.0-lr57z2f/lib/python3.11/site-packages/pandas/io/common.py", line 739, in get_handle
    check_parent_directory(str(handle))
  File "/apps/spack/negishi/apps/anaconda/2024.02-py311-gcc-8.5.0-lr57z2f/lib/python3.11/site-packages/pandas/io/common.py", line 604, in check_parent_directory
    raise OSError(rf"Cannot save file into a non-existent directory: '{parent}'")
OSError: Cannot save file into a non-existent directory: 'tables'
srun: error: a064: task 0: Exited with exit code 1
/scratch/negishi/mart1789/QPDS_12_noise3/QPDS_12_noise3.py:67: UserWarning: FigureCanvasAgg is non-interactive, and thus cannot be shown
  plt.show()
/scratch/negishi/mart1789/QPDS_12_noise3/QPDS_12_noise3.py:377: UserWarning: FigureCanvasAgg is non-interactive, and thus cannot be shown
  plt.show()
Traceback (most recent call last):
  File "/scratch/negishi/mart1789/QPDS_12_noise3/QPDS_12_noise3.py", line 743, in <module>
    df1.to_csv('./tables/'+str(power)+"_"+ str(base)+'_power_base_QPDS_.csv')
  File "/apps/spack/negishi/apps/anaconda/2024.02-py311-gcc-8.5.0-lr57z2f/lib/python3.11/site-packages/pandas/core/generic.py", line 3902, in to_csv
    return DataFrameRenderer(formatter).to_csv(
           ^^^^^^^^^^^^^^^^^^^^^^^^^^^^^^^^^^^^
  File "/apps/spack/negishi/apps/anaconda/2024.02-py311-gcc-8.5.0-lr57z2f/lib/python3.11/site-packages/pandas/io/formats/format.py", line 1152, in to_csv
    csv_formatter.save()
  File "/apps/spack/negishi/apps/anaconda/2024.02-py311-gcc-8.5.0-lr57z2f/lib/python3.11/site-packages/pandas/io/formats/csvs.py", line 247, in save
    with get_handle(
         ^^^^^^^^^^^
  File "/apps/spack/negishi/apps/anaconda/2024.02-py311-gcc-8.5.0-lr57z2f/lib/python3.11/site-packages/pandas/io/common.py", line 739, in get_handle
    check_parent_directory(str(handle))
  File "/apps/spack/negishi/apps/anaconda/2024.02-py311-gcc-8.5.0-lr57z2f/lib/python3.11/site-packages/pandas/io/common.py", line 604, in check_parent_directory
    raise OSError(rf"Cannot save file into a non-existent directory: '{parent}'")
OSError: Cannot save file into a non-existent directory: 'tables'
srun: error: a064: task 0: Exited with exit code 1
/scratch/negishi/mart1789/QPDS_12_noise3/QPDS_12_noise3.py:67: UserWarning: FigureCanvasAgg is non-interactive, and thus cannot be shown
  plt.show()
/scratch/negishi/mart1789/QPDS_12_noise3/QPDS_12_noise3.py:377: UserWarning: FigureCanvasAgg is non-interactive, and thus cannot be shown
  plt.show()
Traceback (most recent call last):
  File "/scratch/negishi/mart1789/QPDS_12_noise3/QPDS_12_noise3.py", line 743, in <module>
    df1.to_csv('./tables/'+str(power)+"_"+ str(base)+'_power_base_QPDS_.csv')
  File "/apps/spack/negishi/apps/anaconda/2024.02-py311-gcc-8.5.0-lr57z2f/lib/python3.11/site-packages/pandas/core/generic.py", line 3902, in to_csv
    return DataFrameRenderer(formatter).to_csv(
           ^^^^^^^^^^^^^^^^^^^^^^^^^^^^^^^^^^^^
  File "/apps/spack/negishi/apps/anaconda/2024.02-py311-gcc-8.5.0-lr57z2f/lib/python3.11/site-packages/pandas/io/formats/format.py", line 1152, in to_csv
    csv_formatter.save()
  File "/apps/spack/negishi/apps/anaconda/2024.02-py311-gcc-8.5.0-lr57z2f/lib/python3.11/site-packages/pandas/io/formats/csvs.py", line 247, in save
    with get_handle(
         ^^^^^^^^^^^
  File "/apps/spack/negishi/apps/anaconda/2024.02-py311-gcc-8.5.0-lr57z2f/lib/python3.11/site-packages/pandas/io/common.py", line 739, in get_handle
    check_parent_directory(str(handle))
  File "/apps/spack/negishi/apps/anaconda/2024.02-py311-gcc-8.5.0-lr57z2f/lib/python3.11/site-packages/pandas/io/common.py", line 604, in check_parent_directory
    raise OSError(rf"Cannot save file into a non-existent directory: '{parent}'")
OSError: Cannot save file into a non-existent directory: 'tables'
srun: error: a064: task 0: Exited with exit code 1
/scratch/negishi/mart1789/QPDS_12_noise3/QPDS_12_noise3.py:67: UserWarning: FigureCanvasAgg is non-interactive, and thus cannot be shown
  plt.show()
/scratch/negishi/mart1789/QPDS_12_noise3/QPDS_12_noise3.py:377: UserWarning: FigureCanvasAgg is non-interactive, and thus cannot be shown
  plt.show()
Traceback (most recent call last):
  File "/scratch/negishi/mart1789/QPDS_12_noise3/QPDS_12_noise3.py", line 743, in <module>
    df1.to_csv('./tables/'+str(power)+"_"+ str(base)+'_power_base_QPDS_.csv')
  File "/apps/spack/negishi/apps/anaconda/2024.02-py311-gcc-8.5.0-lr57z2f/lib/python3.11/site-packages/pandas/core/generic.py", line 3902, in to_csv
    return DataFrameRenderer(formatter).to_csv(
           ^^^^^^^^^^^^^^^^^^^^^^^^^^^^^^^^^^^^
  File "/apps/spack/negishi/apps/anaconda/2024.02-py311-gcc-8.5.0-lr57z2f/lib/python3.11/site-packages/pandas/io/formats/format.py", line 1152, in to_csv
    csv_formatter.save()
  File "/apps/spack/negishi/apps/anaconda/2024.02-py311-gcc-8.5.0-lr57z2f/lib/python3.11/site-packages/pandas/io/formats/csvs.py", line 247, in save
    with get_handle(
         ^^^^^^^^^^^
  File "/apps/spack/negishi/apps/anaconda/2024.02-py311-gcc-8.5.0-lr57z2f/lib/python3.11/site-packages/pandas/io/common.py", line 739, in get_handle
    check_parent_directory(str(handle))
  File "/apps/spack/negishi/apps/anaconda/2024.02-py311-gcc-8.5.0-lr57z2f/lib/python3.11/site-packages/pandas/io/common.py", line 604, in check_parent_directory
    raise OSError(rf"Cannot save file into a non-existent directory: '{parent}'")
OSError: Cannot save file into a non-existent directory: 'tables'
srun: error: a064: task 0: Exited with exit code 1
/scratch/negishi/mart1789/QPDS_12_noise3/QPDS_12_noise3.py:67: UserWarning: FigureCanvasAgg is non-interactive, and thus cannot be shown
  plt.show()
/scratch/negishi/mart1789/QPDS_12_noise3/QPDS_12_noise3.py:377: UserWarning: FigureCanvasAgg is non-interactive, and thus cannot be shown
  plt.show()
Traceback (most recent call last):
  File "/scratch/negishi/mart1789/QPDS_12_noise3/QPDS_12_noise3.py", line 743, in <module>
    df1.to_csv('./tables/'+str(power)+"_"+ str(base)+'_power_base_QPDS_.csv')
  File "/apps/spack/negishi/apps/anaconda/2024.02-py311-gcc-8.5.0-lr57z2f/lib/python3.11/site-packages/pandas/core/generic.py", line 3902, in to_csv
    return DataFrameRenderer(formatter).to_csv(
           ^^^^^^^^^^^^^^^^^^^^^^^^^^^^^^^^^^^^
  File "/apps/spack/negishi/apps/anaconda/2024.02-py311-gcc-8.5.0-lr57z2f/lib/python3.11/site-packages/pandas/io/formats/format.py", line 1152, in to_csv
    csv_formatter.save()
  File "/apps/spack/negishi/apps/anaconda/2024.02-py311-gcc-8.5.0-lr57z2f/lib/python3.11/site-packages/pandas/io/formats/csvs.py", line 247, in save
    with get_handle(
         ^^^^^^^^^^^
  File "/apps/spack/negishi/apps/anaconda/2024.02-py311-gcc-8.5.0-lr57z2f/lib/python3.11/site-packages/pandas/io/common.py", line 739, in get_handle
    check_parent_directory(str(handle))
  File "/apps/spack/negishi/apps/anaconda/2024.02-py311-gcc-8.5.0-lr57z2f/lib/python3.11/site-packages/pandas/io/common.py", line 604, in check_parent_directory
    raise OSError(rf"Cannot save file into a non-existent directory: '{parent}'")
OSError: Cannot save file into a non-existent directory: 'tables'
srun: error: a060: task 0: Exited with exit code 1
/scratch/negishi/mart1789/QPDS_12_noise3/QPDS_12_noise3.py:67: UserWarning: FigureCanvasAgg is non-interactive, and thus cannot be shown
  plt.show()
/scratch/negishi/mart1789/QPDS_12_noise3/QPDS_12_noise3.py:377: UserWarning: FigureCanvasAgg is non-interactive, and thus cannot be shown
  plt.show()
Traceback (most recent call last):
  File "/scratch/negishi/mart1789/QPDS_12_noise3/QPDS_12_noise3.py", line 743, in <module>
    df1.to_csv('./tables/'+str(power)+"_"+ str(base)+'_power_base_QPDS_.csv')
  File "/apps/spack/negishi/apps/anaconda/2024.02-py311-gcc-8.5.0-lr57z2f/lib/python3.11/site-packages/pandas/core/generic.py", line 3902, in to_csv
    return DataFrameRenderer(formatter).to_csv(
           ^^^^^^^^^^^^^^^^^^^^^^^^^^^^^^^^^^^^
  File "/apps/spack/negishi/apps/anaconda/2024.02-py311-gcc-8.5.0-lr57z2f/lib/python3.11/site-packages/pandas/io/formats/format.py", line 1152, in to_csv
    csv_formatter.save()
  File "/apps/spack/negishi/apps/anaconda/2024.02-py311-gcc-8.5.0-lr57z2f/lib/python3.11/site-packages/pandas/io/formats/csvs.py", line 247, in save
    with get_handle(
         ^^^^^^^^^^^
  File "/apps/spack/negishi/apps/anaconda/2024.02-py311-gcc-8.5.0-lr57z2f/lib/python3.11/site-packages/pandas/io/common.py", line 739, in get_handle
    check_parent_directory(str(handle))
  File "/apps/spack/negishi/apps/anaconda/2024.02-py311-gcc-8.5.0-lr57z2f/lib/python3.11/site-packages/pandas/io/common.py", line 604, in check_parent_directory
    raise OSError(rf"Cannot save file into a non-existent directory: '{parent}'")
OSError: Cannot save file into a non-existent directory: 'tables'
srun: error: a064: task 0: Exited with exit code 1
/scratch/negishi/mart1789/QPDS_12_noise3/QPDS_12_noise3.py:67: UserWarning: FigureCanvasAgg is non-interactive, and thus cannot be shown
  plt.show()
/scratch/negishi/mart1789/QPDS_12_noise3/QPDS_12_noise3.py:377: UserWarning: FigureCanvasAgg is non-interactive, and thus cannot be shown
  plt.show()
Traceback (most recent call last):
  File "/scratch/negishi/mart1789/QPDS_12_noise3/QPDS_12_noise3.py", line 743, in <module>
    df1.to_csv('./tables/'+str(power)+"_"+ str(base)+'_power_base_QPDS_.csv')
  File "/apps/spack/negishi/apps/anaconda/2024.02-py311-gcc-8.5.0-lr57z2f/lib/python3.11/site-packages/pandas/core/generic.py", line 3902, in to_csv
    return DataFrameRenderer(formatter).to_csv(
           ^^^^^^^^^^^^^^^^^^^^^^^^^^^^^^^^^^^^
  File "/apps/spack/negishi/apps/anaconda/2024.02-py311-gcc-8.5.0-lr57z2f/lib/python3.11/site-packages/pandas/io/formats/format.py", line 1152, in to_csv
    csv_formatter.save()
  File "/apps/spack/negishi/apps/anaconda/2024.02-py311-gcc-8.5.0-lr57z2f/lib/python3.11/site-packages/pandas/io/formats/csvs.py", line 247, in save
    with get_handle(
         ^^^^^^^^^^^
  File "/apps/spack/negishi/apps/anaconda/2024.02-py311-gcc-8.5.0-lr57z2f/lib/python3.11/site-packages/pandas/io/common.py", line 739, in get_handle
    check_parent_directory(str(handle))
  File "/apps/spack/negishi/apps/anaconda/2024.02-py311-gcc-8.5.0-lr57z2f/lib/python3.11/site-packages/pandas/io/common.py", line 604, in check_parent_directory
    raise OSError(rf"Cannot save file into a non-existent directory: '{parent}'")
OSError: Cannot save file into a non-existent directory: 'tables'
srun: error: a080: task 0: Exited with exit code 1
/scratch/negishi/mart1789/QPDS_12_noise3/QPDS_12_noise3.py:67: UserWarning: FigureCanvasAgg is non-interactive, and thus cannot be shown
  plt.show()
/scratch/negishi/mart1789/QPDS_12_noise3/QPDS_12_noise3.py:377: UserWarning: FigureCanvasAgg is non-interactive, and thus cannot be shown
  plt.show()
Traceback (most recent call last):
  File "/scratch/negishi/mart1789/QPDS_12_noise3/QPDS_12_noise3.py", line 743, in <module>
    df1.to_csv('./tables/'+str(power)+"_"+ str(base)+'_power_base_QPDS_.csv')
  File "/apps/spack/negishi/apps/anaconda/2024.02-py311-gcc-8.5.0-lr57z2f/lib/python3.11/site-packages/pandas/core/generic.py", line 3902, in to_csv
    return DataFrameRenderer(formatter).to_csv(
           ^^^^^^^^^^^^^^^^^^^^^^^^^^^^^^^^^^^^
  File "/apps/spack/negishi/apps/anaconda/2024.02-py311-gcc-8.5.0-lr57z2f/lib/python3.11/site-packages/pandas/io/formats/format.py", line 1152, in to_csv
    csv_formatter.save()
  File "/apps/spack/negishi/apps/anaconda/2024.02-py311-gcc-8.5.0-lr57z2f/lib/python3.11/site-packages/pandas/io/formats/csvs.py", line 247, in save
    with get_handle(
         ^^^^^^^^^^^
  File "/apps/spack/negishi/apps/anaconda/2024.02-py311-gcc-8.5.0-lr57z2f/lib/python3.11/site-packages/pandas/io/common.py", line 739, in get_handle
    check_parent_directory(str(handle))
  File "/apps/spack/negishi/apps/anaconda/2024.02-py311-gcc-8.5.0-lr57z2f/lib/python3.11/site-packages/pandas/io/common.py", line 604, in check_parent_directory
    raise OSError(rf"Cannot save file into a non-existent directory: '{parent}'")
OSError: Cannot save file into a non-existent directory: 'tables'
srun: error: a064: task 0: Exited with exit code 1
/scratch/negishi/mart1789/QPDS_12_noise3/QPDS_12_noise3.py:67: UserWarning: FigureCanvasAgg is non-interactive, and thus cannot be shown
  plt.show()
/scratch/negishi/mart1789/QPDS_12_noise3/QPDS_12_noise3.py:377: UserWarning: FigureCanvasAgg is non-interactive, and thus cannot be shown
  plt.show()
Traceback (most recent call last):
  File "/scratch/negishi/mart1789/QPDS_12_noise3/QPDS_12_noise3.py", line 743, in <module>
    df1.to_csv('./tables/'+str(power)+"_"+ str(base)+'_power_base_QPDS_.csv')
  File "/apps/spack/negishi/apps/anaconda/2024.02-py311-gcc-8.5.0-lr57z2f/lib/python3.11/site-packages/pandas/core/generic.py", line 3902, in to_csv
    return DataFrameRenderer(formatter).to_csv(
           ^^^^^^^^^^^^^^^^^^^^^^^^^^^^^^^^^^^^
  File "/apps/spack/negishi/apps/anaconda/2024.02-py311-gcc-8.5.0-lr57z2f/lib/python3.11/site-packages/pandas/io/formats/format.py", line 1152, in to_csv
    csv_formatter.save()
  File "/apps/spack/negishi/apps/anaconda/2024.02-py311-gcc-8.5.0-lr57z2f/lib/python3.11/site-packages/pandas/io/formats/csvs.py", line 247, in save
    with get_handle(
         ^^^^^^^^^^^
  File "/apps/spack/negishi/apps/anaconda/2024.02-py311-gcc-8.5.0-lr57z2f/lib/python3.11/site-packages/pandas/io/common.py", line 739, in get_handle
    check_parent_directory(str(handle))
  File "/apps/spack/negishi/apps/anaconda/2024.02-py311-gcc-8.5.0-lr57z2f/lib/python3.11/site-packages/pandas/io/common.py", line 604, in check_parent_directory
    raise OSError(rf"Cannot save file into a non-existent directory: '{parent}'")
OSError: Cannot save file into a non-existent directory: 'tables'
srun: error: a080: task 0: Exited with exit code 1
/scratch/negishi/mart1789/QPDS_12_noise3/QPDS_12_noise3.py:67: UserWarning: FigureCanvasAgg is non-interactive, and thus cannot be shown
  plt.show()
/scratch/negishi/mart1789/QPDS_12_noise3/QPDS_12_noise3.py:377: UserWarning: FigureCanvasAgg is non-interactive, and thus cannot be shown
  plt.show()
Traceback (most recent call last):
  File "/scratch/negishi/mart1789/QPDS_12_noise3/QPDS_12_noise3.py", line 743, in <module>
    df1.to_csv('./tables/'+str(power)+"_"+ str(base)+'_power_base_QPDS_.csv')
  File "/apps/spack/negishi/apps/anaconda/2024.02-py311-gcc-8.5.0-lr57z2f/lib/python3.11/site-packages/pandas/core/generic.py", line 3902, in to_csv
    return DataFrameRenderer(formatter).to_csv(
           ^^^^^^^^^^^^^^^^^^^^^^^^^^^^^^^^^^^^
  File "/apps/spack/negishi/apps/anaconda/2024.02-py311-gcc-8.5.0-lr57z2f/lib/python3.11/site-packages/pandas/io/formats/format.py", line 1152, in to_csv
    csv_formatter.save()
  File "/apps/spack/negishi/apps/anaconda/2024.02-py311-gcc-8.5.0-lr57z2f/lib/python3.11/site-packages/pandas/io/formats/csvs.py", line 247, in save
    with get_handle(
         ^^^^^^^^^^^
  File "/apps/spack/negishi/apps/anaconda/2024.02-py311-gcc-8.5.0-lr57z2f/lib/python3.11/site-packages/pandas/io/common.py", line 739, in get_handle
    check_parent_directory(str(handle))
  File "/apps/spack/negishi/apps/anaconda/2024.02-py311-gcc-8.5.0-lr57z2f/lib/python3.11/site-packages/pandas/io/common.py", line 604, in check_parent_directory
    raise OSError(rf"Cannot save file into a non-existent directory: '{parent}'")
OSError: Cannot save file into a non-existent directory: 'tables'
srun: error: a103: task 0: Exited with exit code 1
/scratch/negishi/mart1789/QPDS_12_noise3/QPDS_12_noise3.py:67: UserWarning: FigureCanvasAgg is non-interactive, and thus cannot be shown
  plt.show()
/scratch/negishi/mart1789/QPDS_12_noise3/QPDS_12_noise3.py:377: UserWarning: FigureCanvasAgg is non-interactive, and thus cannot be shown
  plt.show()
Traceback (most recent call last):
  File "/scratch/negishi/mart1789/QPDS_12_noise3/QPDS_12_noise3.py", line 743, in <module>
    df1.to_csv('./tables/'+str(power)+"_"+ str(base)+'_power_base_QPDS_.csv')
  File "/apps/spack/negishi/apps/anaconda/2024.02-py311-gcc-8.5.0-lr57z2f/lib/python3.11/site-packages/pandas/core/generic.py", line 3902, in to_csv
    return DataFrameRenderer(formatter).to_csv(
           ^^^^^^^^^^^^^^^^^^^^^^^^^^^^^^^^^^^^
  File "/apps/spack/negishi/apps/anaconda/2024.02-py311-gcc-8.5.0-lr57z2f/lib/python3.11/site-packages/pandas/io/formats/format.py", line 1152, in to_csv
    csv_formatter.save()
  File "/apps/spack/negishi/apps/anaconda/2024.02-py311-gcc-8.5.0-lr57z2f/lib/python3.11/site-packages/pandas/io/formats/csvs.py", line 247, in save
    with get_handle(
         ^^^^^^^^^^^
  File "/apps/spack/negishi/apps/anaconda/2024.02-py311-gcc-8.5.0-lr57z2f/lib/python3.11/site-packages/pandas/io/common.py", line 739, in get_handle
    check_parent_directory(str(handle))
  File "/apps/spack/negishi/apps/anaconda/2024.02-py311-gcc-8.5.0-lr57z2f/lib/python3.11/site-packages/pandas/io/common.py", line 604, in check_parent_directory
    raise OSError(rf"Cannot save file into a non-existent directory: '{parent}'")
OSError: Cannot save file into a non-existent directory: 'tables'
srun: error: a103: task 0: Exited with exit code 1
/scratch/negishi/mart1789/QPDS_12_noise3/QPDS_12_noise3.py:67: UserWarning: FigureCanvasAgg is non-interactive, and thus cannot be shown
  plt.show()
/scratch/negishi/mart1789/QPDS_12_noise3/QPDS_12_noise3.py:377: UserWarning: FigureCanvasAgg is non-interactive, and thus cannot be shown
  plt.show()
Traceback (most recent call last):
  File "/scratch/negishi/mart1789/QPDS_12_noise3/QPDS_12_noise3.py", line 743, in <module>
    df1.to_csv('./tables/'+str(power)+"_"+ str(base)+'_power_base_QPDS_.csv')
  File "/apps/spack/negishi/apps/anaconda/2024.02-py311-gcc-8.5.0-lr57z2f/lib/python3.11/site-packages/pandas/core/generic.py", line 3902, in to_csv
    return DataFrameRenderer(formatter).to_csv(
           ^^^^^^^^^^^^^^^^^^^^^^^^^^^^^^^^^^^^
  File "/apps/spack/negishi/apps/anaconda/2024.02-py311-gcc-8.5.0-lr57z2f/lib/python3.11/site-packages/pandas/io/formats/format.py", line 1152, in to_csv
    csv_formatter.save()
  File "/apps/spack/negishi/apps/anaconda/2024.02-py311-gcc-8.5.0-lr57z2f/lib/python3.11/site-packages/pandas/io/formats/csvs.py", line 247, in save
    with get_handle(
         ^^^^^^^^^^^
  File "/apps/spack/negishi/apps/anaconda/2024.02-py311-gcc-8.5.0-lr57z2f/lib/python3.11/site-packages/pandas/io/common.py", line 739, in get_handle
    check_parent_directory(str(handle))
  File "/apps/spack/negishi/apps/anaconda/2024.02-py311-gcc-8.5.0-lr57z2f/lib/python3.11/site-packages/pandas/io/common.py", line 604, in check_parent_directory
    raise OSError(rf"Cannot save file into a non-existent directory: '{parent}'")
OSError: Cannot save file into a non-existent directory: 'tables'
srun: error: a060: task 0: Exited with exit code 1
/scratch/negishi/mart1789/QPDS_12_noise3/QPDS_12_noise3.py:67: UserWarning: FigureCanvasAgg is non-interactive, and thus cannot be shown
  plt.show()
/scratch/negishi/mart1789/QPDS_12_noise3/QPDS_12_noise3.py:377: UserWarning: FigureCanvasAgg is non-interactive, and thus cannot be shown
  plt.show()
Traceback (most recent call last):
  File "/scratch/negishi/mart1789/QPDS_12_noise3/QPDS_12_noise3.py", line 743, in <module>
    df1.to_csv('./tables/'+str(power)+"_"+ str(base)+'_power_base_QPDS_.csv')
  File "/apps/spack/negishi/apps/anaconda/2024.02-py311-gcc-8.5.0-lr57z2f/lib/python3.11/site-packages/pandas/core/generic.py", line 3902, in to_csv
    return DataFrameRenderer(formatter).to_csv(
           ^^^^^^^^^^^^^^^^^^^^^^^^^^^^^^^^^^^^
  File "/apps/spack/negishi/apps/anaconda/2024.02-py311-gcc-8.5.0-lr57z2f/lib/python3.11/site-packages/pandas/io/formats/format.py", line 1152, in to_csv
    csv_formatter.save()
  File "/apps/spack/negishi/apps/anaconda/2024.02-py311-gcc-8.5.0-lr57z2f/lib/python3.11/site-packages/pandas/io/formats/csvs.py", line 247, in save
    with get_handle(
         ^^^^^^^^^^^
  File "/apps/spack/negishi/apps/anaconda/2024.02-py311-gcc-8.5.0-lr57z2f/lib/python3.11/site-packages/pandas/io/common.py", line 739, in get_handle
    check_parent_directory(str(handle))
  File "/apps/spack/negishi/apps/anaconda/2024.02-py311-gcc-8.5.0-lr57z2f/lib/python3.11/site-packages/pandas/io/common.py", line 604, in check_parent_directory
    raise OSError(rf"Cannot save file into a non-existent directory: '{parent}'")
OSError: Cannot save file into a non-existent directory: 'tables'
srun: error: a064: task 0: Exited with exit code 1
/scratch/negishi/mart1789/QPDS_12_noise3/QPDS_12_noise3.py:67: UserWarning: FigureCanvasAgg is non-interactive, and thus cannot be shown
  plt.show()
/scratch/negishi/mart1789/QPDS_12_noise3/QPDS_12_noise3.py:377: UserWarning: FigureCanvasAgg is non-interactive, and thus cannot be shown
  plt.show()
Traceback (most recent call last):
  File "/scratch/negishi/mart1789/QPDS_12_noise3/QPDS_12_noise3.py", line 743, in <module>
    df1.to_csv('./tables/'+str(power)+"_"+ str(base)+'_power_base_QPDS_.csv')
  File "/apps/spack/negishi/apps/anaconda/2024.02-py311-gcc-8.5.0-lr57z2f/lib/python3.11/site-packages/pandas/core/generic.py", line 3902, in to_csv
    return DataFrameRenderer(formatter).to_csv(
           ^^^^^^^^^^^^^^^^^^^^^^^^^^^^^^^^^^^^
  File "/apps/spack/negishi/apps/anaconda/2024.02-py311-gcc-8.5.0-lr57z2f/lib/python3.11/site-packages/pandas/io/formats/format.py", line 1152, in to_csv
    csv_formatter.save()
  File "/apps/spack/negishi/apps/anaconda/2024.02-py311-gcc-8.5.0-lr57z2f/lib/python3.11/site-packages/pandas/io/formats/csvs.py", line 247, in save
    with get_handle(
         ^^^^^^^^^^^
  File "/apps/spack/negishi/apps/anaconda/2024.02-py311-gcc-8.5.0-lr57z2f/lib/python3.11/site-packages/pandas/io/common.py", line 739, in get_handle
    check_parent_directory(str(handle))
  File "/apps/spack/negishi/apps/anaconda/2024.02-py311-gcc-8.5.0-lr57z2f/lib/python3.11/site-packages/pandas/io/common.py", line 604, in check_parent_directory
    raise OSError(rf"Cannot save file into a non-existent directory: '{parent}'")
OSError: Cannot save file into a non-existent directory: 'tables'
srun: error: a064: task 0: Exited with exit code 1
/scratch/negishi/mart1789/QPDS_12_noise3/QPDS_12_noise3.py:67: UserWarning: FigureCanvasAgg is non-interactive, and thus cannot be shown
  plt.show()
/scratch/negishi/mart1789/QPDS_12_noise3/QPDS_12_noise3.py:377: UserWarning: FigureCanvasAgg is non-interactive, and thus cannot be shown
  plt.show()
Traceback (most recent call last):
  File "/scratch/negishi/mart1789/QPDS_12_noise3/QPDS_12_noise3.py", line 743, in <module>
    df1.to_csv('./tables/'+str(power)+"_"+ str(base)+'_power_base_QPDS_.csv')
  File "/apps/spack/negishi/apps/anaconda/2024.02-py311-gcc-8.5.0-lr57z2f/lib/python3.11/site-packages/pandas/core/generic.py", line 3902, in to_csv
    return DataFrameRenderer(formatter).to_csv(
           ^^^^^^^^^^^^^^^^^^^^^^^^^^^^^^^^^^^^
  File "/apps/spack/negishi/apps/anaconda/2024.02-py311-gcc-8.5.0-lr57z2f/lib/python3.11/site-packages/pandas/io/formats/format.py", line 1152, in to_csv
    csv_formatter.save()
  File "/apps/spack/negishi/apps/anaconda/2024.02-py311-gcc-8.5.0-lr57z2f/lib/python3.11/site-packages/pandas/io/formats/csvs.py", line 247, in save
    with get_handle(
         ^^^^^^^^^^^
  File "/apps/spack/negishi/apps/anaconda/2024.02-py311-gcc-8.5.0-lr57z2f/lib/python3.11/site-packages/pandas/io/common.py", line 739, in get_handle
    check_parent_directory(str(handle))
  File "/apps/spack/negishi/apps/anaconda/2024.02-py311-gcc-8.5.0-lr57z2f/lib/python3.11/site-packages/pandas/io/common.py", line 604, in check_parent_directory
    raise OSError(rf"Cannot save file into a non-existent directory: '{parent}'")
OSError: Cannot save file into a non-existent directory: 'tables'
srun: error: a080: task 0: Exited with exit code 1
/scratch/negishi/mart1789/QPDS_12_noise3/QPDS_12_noise3.py:67: UserWarning: FigureCanvasAgg is non-interactive, and thus cannot be shown
  plt.show()
/scratch/negishi/mart1789/QPDS_12_noise3/QPDS_12_noise3.py:377: UserWarning: FigureCanvasAgg is non-interactive, and thus cannot be shown
  plt.show()
Traceback (most recent call last):
  File "/scratch/negishi/mart1789/QPDS_12_noise3/QPDS_12_noise3.py", line 743, in <module>
    df1.to_csv('./tables/'+str(power)+"_"+ str(base)+'_power_base_QPDS_.csv')
  File "/apps/spack/negishi/apps/anaconda/2024.02-py311-gcc-8.5.0-lr57z2f/lib/python3.11/site-packages/pandas/core/generic.py", line 3902, in to_csv
    return DataFrameRenderer(formatter).to_csv(
           ^^^^^^^^^^^^^^^^^^^^^^^^^^^^^^^^^^^^
  File "/apps/spack/negishi/apps/anaconda/2024.02-py311-gcc-8.5.0-lr57z2f/lib/python3.11/site-packages/pandas/io/formats/format.py", line 1152, in to_csv
    csv_formatter.save()
  File "/apps/spack/negishi/apps/anaconda/2024.02-py311-gcc-8.5.0-lr57z2f/lib/python3.11/site-packages/pandas/io/formats/csvs.py", line 247, in save
    with get_handle(
         ^^^^^^^^^^^
  File "/apps/spack/negishi/apps/anaconda/2024.02-py311-gcc-8.5.0-lr57z2f/lib/python3.11/site-packages/pandas/io/common.py", line 739, in get_handle
    check_parent_directory(str(handle))
  File "/apps/spack/negishi/apps/anaconda/2024.02-py311-gcc-8.5.0-lr57z2f/lib/python3.11/site-packages/pandas/io/common.py", line 604, in check_parent_directory
    raise OSError(rf"Cannot save file into a non-existent directory: '{parent}'")
OSError: Cannot save file into a non-existent directory: 'tables'
srun: error: a064: task 0: Exited with exit code 1
/scratch/negishi/mart1789/QPDS_12_noise3/QPDS_12_noise3.py:67: UserWarning: FigureCanvasAgg is non-interactive, and thus cannot be shown
  plt.show()
/scratch/negishi/mart1789/QPDS_12_noise3/QPDS_12_noise3.py:377: UserWarning: FigureCanvasAgg is non-interactive, and thus cannot be shown
  plt.show()
Traceback (most recent call last):
  File "/scratch/negishi/mart1789/QPDS_12_noise3/QPDS_12_noise3.py", line 743, in <module>
    df1.to_csv('./tables/'+str(power)+"_"+ str(base)+'_power_base_QPDS_.csv')
  File "/apps/spack/negishi/apps/anaconda/2024.02-py311-gcc-8.5.0-lr57z2f/lib/python3.11/site-packages/pandas/core/generic.py", line 3902, in to_csv
    return DataFrameRenderer(formatter).to_csv(
           ^^^^^^^^^^^^^^^^^^^^^^^^^^^^^^^^^^^^
  File "/apps/spack/negishi/apps/anaconda/2024.02-py311-gcc-8.5.0-lr57z2f/lib/python3.11/site-packages/pandas/io/formats/format.py", line 1152, in to_csv
    csv_formatter.save()
  File "/apps/spack/negishi/apps/anaconda/2024.02-py311-gcc-8.5.0-lr57z2f/lib/python3.11/site-packages/pandas/io/formats/csvs.py", line 247, in save
    with get_handle(
         ^^^^^^^^^^^
  File "/apps/spack/negishi/apps/anaconda/2024.02-py311-gcc-8.5.0-lr57z2f/lib/python3.11/site-packages/pandas/io/common.py", line 739, in get_handle
    check_parent_directory(str(handle))
  File "/apps/spack/negishi/apps/anaconda/2024.02-py311-gcc-8.5.0-lr57z2f/lib/python3.11/site-packages/pandas/io/common.py", line 604, in check_parent_directory
    raise OSError(rf"Cannot save file into a non-existent directory: '{parent}'")
OSError: Cannot save file into a non-existent directory: 'tables'
srun: error: a061: task 0: Exited with exit code 1
/scratch/negishi/mart1789/QPDS_12_noise3/QPDS_12_noise3.py:67: UserWarning: FigureCanvasAgg is non-interactive, and thus cannot be shown
  plt.show()
/scratch/negishi/mart1789/QPDS_12_noise3/QPDS_12_noise3.py:377: UserWarning: FigureCanvasAgg is non-interactive, and thus cannot be shown
  plt.show()
Traceback (most recent call last):
  File "/scratch/negishi/mart1789/QPDS_12_noise3/QPDS_12_noise3.py", line 743, in <module>
    df1.to_csv('./tables/'+str(power)+"_"+ str(base)+'_power_base_QPDS_.csv')
  File "/apps/spack/negishi/apps/anaconda/2024.02-py311-gcc-8.5.0-lr57z2f/lib/python3.11/site-packages/pandas/core/generic.py", line 3902, in to_csv
    return DataFrameRenderer(formatter).to_csv(
           ^^^^^^^^^^^^^^^^^^^^^^^^^^^^^^^^^^^^
  File "/apps/spack/negishi/apps/anaconda/2024.02-py311-gcc-8.5.0-lr57z2f/lib/python3.11/site-packages/pandas/io/formats/format.py", line 1152, in to_csv
    csv_formatter.save()
  File "/apps/spack/negishi/apps/anaconda/2024.02-py311-gcc-8.5.0-lr57z2f/lib/python3.11/site-packages/pandas/io/formats/csvs.py", line 247, in save
    with get_handle(
         ^^^^^^^^^^^
  File "/apps/spack/negishi/apps/anaconda/2024.02-py311-gcc-8.5.0-lr57z2f/lib/python3.11/site-packages/pandas/io/common.py", line 739, in get_handle
    check_parent_directory(str(handle))
  File "/apps/spack/negishi/apps/anaconda/2024.02-py311-gcc-8.5.0-lr57z2f/lib/python3.11/site-packages/pandas/io/common.py", line 604, in check_parent_directory
    raise OSError(rf"Cannot save file into a non-existent directory: '{parent}'")
OSError: Cannot save file into a non-existent directory: 'tables'
srun: error: a064: task 0: Exited with exit code 1
